0 info it worked if it ends with ok
1 verbose cli [ 'node', '/usr/local/bin/npm', 'install', 'serialport2' ]
2 info using npm@2.10.1
3 info using node@v0.12.4
4 verbose node symlink /usr/local/bin/node
5 verbose install initial load of /Users/firebug/Pools/Git/Active/Diana/Client/package.json
6 verbose installManyTop reading scoped package data from /Users/firebug/Pools/Git/Active/Diana/Client/node_modules/convert-base/package.json
7 verbose installManyTop reading scoped package data from /Users/firebug/Pools/Git/Active/Diana/Client/node_modules/express/package.json
8 verbose installManyTop reading scoped package data from /Users/firebug/Pools/Git/Active/Diana/Client/node_modules/jade/package.json
9 verbose installManyTop reading scoped package data from /Users/firebug/Pools/Git/Active/Diana/Client/node_modules/serialport/package.json
10 verbose installManyTop reading scoped package data from /Users/firebug/Pools/Git/Active/Diana/Client/node_modules/view-buffer/package.json
11 info package.json view-buffer@0.0.7 No license field.
12 info package.json serialport@1.7.4 No license field.
13 verbose readDependencies loading dependencies from /Users/firebug/Pools/Git/Active/Diana/Client/package.json
14 silly cache add args [ 'serialport2', null ]
15 verbose cache add spec serialport2
16 silly cache add parsed spec { raw: 'serialport2',
16 silly cache add   scope: null,
16 silly cache add   name: 'serialport2',
16 silly cache add   rawSpec: '',
16 silly cache add   spec: '*',
16 silly cache add   type: 'range' }
17 silly addNamed serialport2@*
18 verbose addNamed "*" is a valid semver range for serialport2
19 silly addNameRange { name: 'serialport2', range: '*', hasData: false }
20 silly mapToRegistry name serialport2
21 silly mapToRegistry using default registry
22 silly mapToRegistry registry https://registry.npmjs.org/
23 silly mapToRegistry uri https://registry.npmjs.org/serialport2
24 verbose addNameRange registry:https://registry.npmjs.org/serialport2 not in flight; fetching
25 verbose request uri https://registry.npmjs.org/serialport2
26 verbose request no auth needed
27 info attempt registry request try #1 at 19:21:47
28 verbose request id 1befa47c3f44c391
29 verbose etag "9K8V33D7FLKRRS2JZX814D5J2"
30 http request GET https://registry.npmjs.org/serialport2
31 http 304 https://registry.npmjs.org/serialport2
32 silly get cb [ 304,
32 silly get   { date: 'Thu, 18 Jun 2015 17:21:47 GMT',
32 silly get     via: '1.1 varnish',
32 silly get     'cache-control': 'max-age=60',
32 silly get     etag: '"9K8V33D7FLKRRS2JZX814D5J2"',
32 silly get     age: '22',
32 silly get     connection: 'keep-alive',
32 silly get     'x-served-by': 'cache-fra1240-FRA',
32 silly get     'x-cache': 'HIT',
32 silly get     'x-cache-hits': '1',
32 silly get     'x-timer': 'S1434648107.028455,VS0,VE0',
32 silly get     vary: 'Accept' } ]
33 verbose etag https://registry.npmjs.org/serialport2 from cache
34 verbose get saving serialport2 to /Users/firebug/.npm/registry.npmjs.org/serialport2/.cache.json
35 silly addNameRange number 2 { name: 'serialport2', range: '*', hasData: true }
36 silly addNameRange versions [ 'serialport2',
36 silly addNameRange   [ '0.0.1', '0.0.2', '0.0.3', '0.0.4', '0.0.5' ] ]
37 silly addNamed serialport2@0.0.5
38 verbose addNamed "0.0.5" is a plain semver version for serialport2
39 warn deprecated serialport2@0.0.5: Development has moved to serialport
40 silly cache afterAdd serialport2@0.0.5
41 verbose afterAdd /Users/firebug/.npm/serialport2/0.0.5/package/package.json not in flight; writing
42 verbose afterAdd /Users/firebug/.npm/serialport2/0.0.5/package/package.json written
43 silly install resolved [ { name: 'serialport2',
43 silly install resolved     description: 'node.js serial port driver.',
43 silly install resolved     author: { name: 'Joe Ferner', email: 'joe.ferner@nearinfinity.com' },
43 silly install resolved     keywords: [ 'serial', 'serialport', 'com', 'comport', 'arduino' ],
43 silly install resolved     version: '0.0.5',
43 silly install resolved     engines: { node: '>=0.6.0' },
43 silly install resolved     maintainers: [ [Object] ],
43 silly install resolved     bugs: { url: 'https://github.com/joeferner/node-serialport2/issues' },
43 silly install resolved     license: 'MIT',
43 silly install resolved     repository:
43 silly install resolved      { type: 'git',
43 silly install resolved        url: 'git://github.com/joeferner/node-serialport2.git' },
43 silly install resolved     dependencies:
43 silly install resolved      { bindings: '0.3.0',
43 silly install resolved        async: '0.1.18',
43 silly install resolved        sf: '0.1.3',
43 silly install resolved        optimist: '~0.3.4' },
43 silly install resolved     devDependencies: { nodeunit: '~0.7.4' },
43 silly install resolved     scripts: { test: 'node ./node_modules/nodeunit/bin/nodeunit test' },
43 silly install resolved     main: './index.js',
43 silly install resolved     bin:
43 silly install resolved      { serialportlist: './bin/serialportList.js',
43 silly install resolved        serialportterm: './bin/serialportTerminal.js' },
43 silly install resolved     _npmUser: { name: 'joeferner', email: 'joe@fernsroth.com' },
43 silly install resolved     _id: 'serialport2@0.0.5',
43 silly install resolved     _engineSupported: true,
43 silly install resolved     _npmVersion: '1.1.0-alpha-6',
43 silly install resolved     _nodeVersion: 'v0.7.8',
43 silly install resolved     _defaultsLoaded: true,
43 silly install resolved     dist:
43 silly install resolved      { shasum: 'd74af5ad22e77518c40aa9f5c58586df0d38fe17',
43 silly install resolved        tarball: 'http://registry.npmjs.org/serialport2/-/serialport2-0.0.5.tgz' },
43 silly install resolved     deprecated: 'Development has moved to serialport',
43 silly install resolved     directories: {},
43 silly install resolved     _shasum: 'd74af5ad22e77518c40aa9f5c58586df0d38fe17',
43 silly install resolved     _resolved: 'https://registry.npmjs.org/serialport2/-/serialport2-0.0.5.tgz',
43 silly install resolved     _from: 'serialport2@*',
43 silly install resolved     readme: 'ERROR: No README data found!',
43 silly install resolved     homepage: 'https://github.com/joeferner/node-serialport2#readme' } ]
44 info install serialport2@0.0.5 into /Users/firebug/Pools/Git/Active/Diana/Client
45 info installOne serialport2@0.0.5
46 verbose installOne of serialport2 to /Users/firebug/Pools/Git/Active/Diana/Client not in flight; installing
47 verbose lock using /Users/firebug/.npm/_locks/serialport2-f5aaa8540434a3e3.lock for /Users/firebug/Pools/Git/Active/Diana/Client/node_modules/serialport2
48 silly install write writing serialport2 0.0.5 to /Users/firebug/Pools/Git/Active/Diana/Client/node_modules/serialport2
49 verbose unbuild node_modules/serialport2
50 silly gentlyRm /Users/firebug/Pools/Git/Active/Diana/Client/node_modules/serialport2 is being purged from base /Users/firebug/Pools/Git/Active/Diana/Client
51 verbose gentlyRm don't care about contents; nuking /Users/firebug/Pools/Git/Active/Diana/Client/node_modules/serialport2
52 verbose tar unpack /Users/firebug/.npm/serialport2/0.0.5/package.tgz
53 verbose tar unpacking to /Users/firebug/Pools/Git/Active/Diana/Client/node_modules/serialport2
54 silly gentlyRm /Users/firebug/Pools/Git/Active/Diana/Client/node_modules/serialport2 is being purged
55 verbose gentlyRm don't care about contents; nuking /Users/firebug/Pools/Git/Active/Diana/Client/node_modules/serialport2
56 silly gunzTarPerm modes [ '755', '644' ]
57 silly gunzTarPerm extractEntry lib/
58 silly gunzTarPerm extractEntry lib/serialport.js
59 silly gunzTarPerm extractEntry test/
60 silly gunzTarPerm extractEntry test/arduinioEcho/
61 silly gunzTarPerm extractEntry test/arduinioEcho/arduinioEcho.ino
62 silly gunzTarPerm extractEntry test/echoTest.js
63 silly gunzTarPerm extractEntry .idea/
64 silly gunzTarPerm extractEntry .idea/node-serialport2.iml
65 silly gunzTarPerm extractEntry .idea/misc.xml
66 silly gunzTarPerm extractEntry .idea/vcs.xml
67 silly gunzTarPerm extractEntry .idea/workspace.xml
68 silly gunzTarPerm extractEntry .idea/.name
69 silly gunzTarPerm extractEntry .idea/modules.xml
70 silly gunzTarPerm extractEntry .idea/encodings.xml
71 silly gunzTarPerm extractEntry .idea/scopes/
72 silly gunzTarPerm extractEntry .idea/scopes/scope_settings.xml
73 silly gunzTarPerm extractEntry binding.gyp
74 silly gunzTarPerm extractEntry src/
75 silly gunzTarPerm extractEntry src/serialport.cpp
76 silly gunzTarPerm extractEntry src/win/
77 silly gunzTarPerm extractEntry src/win/disphelper.h
78 silly gunzTarPerm extractEntry src/win/disphelper.c
79 silly gunzTarPerm extractEntry src/serialport_unix.cpp
80 silly gunzTarPerm extractEntry src/serialport.h
81 silly gunzTarPerm extractEntry src/serialport_win.cpp
82 silly gunzTarPerm extractEntry .gitignore
83 silly gunzTarPerm extractEntry index.js
84 silly gunzTarPerm extractEntry bin/
85 silly gunzTarPerm extractEntry bin/serialportList.js
86 silly gunzTarPerm extractEntry bin/serialportTerminal.js
87 silly gunzTarPerm extractEntry package.json
88 silly gunzTarPerm extractEntry README.md
89 verbose write writing to /Users/firebug/Pools/Git/Active/Diana/Client/node_modules/serialport2/package.json
90 info preinstall serialport2@0.0.5
91 verbose readDependencies loading dependencies from /Users/firebug/Pools/Git/Active/Diana/Client/node_modules/serialport2/package.json
92 silly prepareForInstallMany adding bindings@0.3.0 from serialport2 dependencies
93 silly prepareForInstallMany adding async@0.1.18 from serialport2 dependencies
94 silly prepareForInstallMany adding sf@0.1.3 from serialport2 dependencies
95 silly prepareForInstallMany adding optimist@~0.3.4 from serialport2 dependencies
96 verbose readDependencies loading dependencies from /Users/firebug/Pools/Git/Active/Diana/Client/node_modules/serialport2/package.json
97 silly cache add args [ 'bindings@0.3.0', null ]
98 verbose cache add spec bindings@0.3.0
99 silly cache add args [ 'async@0.1.18', null ]
100 verbose cache add spec async@0.1.18
101 silly cache add parsed spec { raw: 'bindings@0.3.0',
101 silly cache add   scope: null,
101 silly cache add   name: 'bindings',
101 silly cache add   rawSpec: '0.3.0',
101 silly cache add   spec: '0.3.0',
101 silly cache add   type: 'version' }
102 silly addNamed bindings@0.3.0
103 verbose addNamed "0.3.0" is a plain semver version for bindings
104 silly mapToRegistry name bindings
105 silly mapToRegistry using default registry
106 silly mapToRegistry registry https://registry.npmjs.org/
107 silly mapToRegistry uri https://registry.npmjs.org/bindings
108 verbose addNameVersion registry:https://registry.npmjs.org/bindings not in flight; fetching
109 silly cache add parsed spec { raw: 'async@0.1.18',
109 silly cache add   scope: null,
109 silly cache add   name: 'async',
109 silly cache add   rawSpec: '0.1.18',
109 silly cache add   spec: '0.1.18',
109 silly cache add   type: 'version' }
110 silly addNamed async@0.1.18
111 verbose addNamed "0.1.18" is a plain semver version for async
112 silly mapToRegistry name async
113 silly mapToRegistry using default registry
114 silly mapToRegistry registry https://registry.npmjs.org/
115 silly mapToRegistry uri https://registry.npmjs.org/async
116 verbose addNameVersion registry:https://registry.npmjs.org/async not in flight; fetching
117 silly cache add args [ 'sf@0.1.3', null ]
118 verbose cache add spec sf@0.1.3
119 silly cache add parsed spec { raw: 'sf@0.1.3',
119 silly cache add   scope: null,
119 silly cache add   name: 'sf',
119 silly cache add   rawSpec: '0.1.3',
119 silly cache add   spec: '0.1.3',
119 silly cache add   type: 'version' }
120 silly addNamed sf@0.1.3
121 verbose addNamed "0.1.3" is a plain semver version for sf
122 silly mapToRegistry name sf
123 silly mapToRegistry using default registry
124 silly mapToRegistry registry https://registry.npmjs.org/
125 silly mapToRegistry uri https://registry.npmjs.org/sf
126 verbose addNameVersion registry:https://registry.npmjs.org/sf not in flight; fetching
127 silly cache add args [ 'optimist@~0.3.4', null ]
128 verbose cache add spec optimist@~0.3.4
129 silly cache add parsed spec { raw: 'optimist@~0.3.4',
129 silly cache add   scope: null,
129 silly cache add   name: 'optimist',
129 silly cache add   rawSpec: '~0.3.4',
129 silly cache add   spec: '>=0.3.4 <0.4.0',
129 silly cache add   type: 'range' }
130 silly addNamed optimist@>=0.3.4 <0.4.0
131 verbose addNamed ">=0.3.4 <0.4.0" is a valid semver range for optimist
132 silly addNameRange { name: 'optimist', range: '>=0.3.4 <0.4.0', hasData: false }
133 silly mapToRegistry name optimist
134 silly mapToRegistry using default registry
135 silly mapToRegistry registry https://registry.npmjs.org/
136 silly mapToRegistry uri https://registry.npmjs.org/optimist
137 verbose addNameRange registry:https://registry.npmjs.org/optimist not in flight; fetching
138 verbose request uri https://registry.npmjs.org/bindings
139 verbose request no auth needed
140 info attempt registry request try #1 at 19:21:48
141 verbose etag "ADMJ9SS6EQD8EASND8DTMLB6V"
142 http request GET https://registry.npmjs.org/bindings
143 verbose request uri https://registry.npmjs.org/sf
144 verbose request no auth needed
145 info attempt registry request try #1 at 19:21:48
146 verbose etag "18YCYRQVZMFUSUJEQ9LVIUD85"
147 http request GET https://registry.npmjs.org/sf
148 verbose request uri https://registry.npmjs.org/async
149 verbose request no auth needed
150 info attempt registry request try #1 at 19:21:48
151 verbose etag "801T23UJX47M0KBUZPV6AFRWK"
152 http request GET https://registry.npmjs.org/async
153 verbose request uri https://registry.npmjs.org/optimist
154 verbose request no auth needed
155 info attempt registry request try #1 at 19:21:48
156 verbose etag "A8T22G2NKW7BNN2VBLXJ3SP7H"
157 http request GET https://registry.npmjs.org/optimist
158 http 304 https://registry.npmjs.org/bindings
159 silly get cb [ 304,
159 silly get   { date: 'Thu, 18 Jun 2015 17:21:47 GMT',
159 silly get     via: '1.1 varnish',
159 silly get     'cache-control': 'max-age=60',
159 silly get     etag: '"ADMJ9SS6EQD8EASND8DTMLB6V"',
159 silly get     age: '38',
159 silly get     connection: 'keep-alive',
159 silly get     'x-served-by': 'cache-fra1223-FRA',
159 silly get     'x-cache': 'HIT',
159 silly get     'x-cache-hits': '1',
159 silly get     'x-timer': 'S1434648107.360536,VS0,VE0',
159 silly get     vary: 'Accept' } ]
160 verbose etag https://registry.npmjs.org/bindings from cache
161 verbose get saving bindings to /Users/firebug/.npm/registry.npmjs.org/bindings/.cache.json
162 http 304 https://registry.npmjs.org/sf
163 silly get cb [ 304,
163 silly get   { date: 'Thu, 18 Jun 2015 17:21:47 GMT',
163 silly get     via: '1.1 varnish',
163 silly get     'cache-control': 'max-age=60',
163 silly get     etag: '"18YCYRQVZMFUSUJEQ9LVIUD85"',
163 silly get     age: '16',
163 silly get     connection: 'keep-alive',
163 silly get     'x-served-by': 'cache-fra1241-FRA',
163 silly get     'x-cache': 'HIT',
163 silly get     'x-cache-hits': '1',
163 silly get     'x-timer': 'S1434648107.364538,VS0,VE0',
163 silly get     vary: 'Accept' } ]
164 verbose etag https://registry.npmjs.org/sf from cache
165 verbose get saving sf to /Users/firebug/.npm/registry.npmjs.org/sf/.cache.json
166 silly cache afterAdd bindings@0.3.0
167 verbose afterAdd /Users/firebug/.npm/bindings/0.3.0/package/package.json not in flight; writing
168 silly cache afterAdd sf@0.1.3
169 verbose afterAdd /Users/firebug/.npm/sf/0.1.3/package/package.json not in flight; writing
170 verbose afterAdd /Users/firebug/.npm/bindings/0.3.0/package/package.json written
171 verbose afterAdd /Users/firebug/.npm/sf/0.1.3/package/package.json written
172 http 304 https://registry.npmjs.org/async
173 silly get cb [ 304,
173 silly get   { date: 'Thu, 18 Jun 2015 17:21:47 GMT',
173 silly get     via: '1.1 varnish',
173 silly get     'cache-control': 'max-age=60',
173 silly get     etag: '"801T23UJX47M0KBUZPV6AFRWK"',
173 silly get     age: '23',
173 silly get     connection: 'keep-alive',
173 silly get     'x-served-by': 'cache-fra1233-FRA',
173 silly get     'x-cache': 'HIT',
173 silly get     'x-cache-hits': '3',
173 silly get     'x-timer': 'S1434648107.391132,VS0,VE0',
173 silly get     vary: 'Accept' } ]
174 verbose etag https://registry.npmjs.org/async from cache
175 verbose get saving async to /Users/firebug/.npm/registry.npmjs.org/async/.cache.json
176 silly cache afterAdd async@0.1.18
177 verbose afterAdd /Users/firebug/.npm/async/0.1.18/package/package.json not in flight; writing
178 verbose afterAdd /Users/firebug/.npm/async/0.1.18/package/package.json written
179 http 304 https://registry.npmjs.org/optimist
180 silly get cb [ 304,
180 silly get   { date: 'Thu, 18 Jun 2015 17:21:47 GMT',
180 silly get     via: '1.1 varnish',
180 silly get     'cache-control': 'max-age=60',
180 silly get     etag: '"A8T22G2NKW7BNN2VBLXJ3SP7H"',
180 silly get     age: '16',
180 silly get     connection: 'keep-alive',
180 silly get     'x-served-by': 'cache-fra1236-FRA',
180 silly get     'x-cache': 'HIT',
180 silly get     'x-cache-hits': '2',
180 silly get     'x-timer': 'S1434648107.406963,VS0,VE0',
180 silly get     vary: 'Accept' } ]
181 verbose etag https://registry.npmjs.org/optimist from cache
182 verbose get saving optimist to /Users/firebug/.npm/registry.npmjs.org/optimist/.cache.json
183 silly addNameRange number 2 { name: 'optimist', range: '>=0.3.4 <0.4.0', hasData: true }
184 silly addNameRange versions [ 'optimist',
184 silly addNameRange   [ '0.0.1',
184 silly addNameRange     '0.0.2',
184 silly addNameRange     '0.0.4',
184 silly addNameRange     '0.0.5',
184 silly addNameRange     '0.0.6',
184 silly addNameRange     '0.0.7',
184 silly addNameRange     '0.1.0',
184 silly addNameRange     '0.1.1',
184 silly addNameRange     '0.1.2',
184 silly addNameRange     '0.1.3',
184 silly addNameRange     '0.1.4',
184 silly addNameRange     '0.1.5',
184 silly addNameRange     '0.1.6',
184 silly addNameRange     '0.1.7',
184 silly addNameRange     '0.1.8',
184 silly addNameRange     '0.1.9',
184 silly addNameRange     '0.0.3',
184 silly addNameRange     '0.2.0',
184 silly addNameRange     '0.2.1',
184 silly addNameRange     '0.2.2',
184 silly addNameRange     '0.2.3',
184 silly addNameRange     '0.2.4',
184 silly addNameRange     '0.2.5',
184 silly addNameRange     '0.2.6',
184 silly addNameRange     '0.2.7',
184 silly addNameRange     '0.2.8',
184 silly addNameRange     '0.3.0',
184 silly addNameRange     '0.3.1',
184 silly addNameRange     '0.3.3',
184 silly addNameRange     '0.3.4',
184 silly addNameRange     '0.3.5',
184 silly addNameRange     '0.3.6',
184 silly addNameRange     '0.3.7',
184 silly addNameRange     '0.4.0',
184 silly addNameRange     '0.5.0',
184 silly addNameRange     '0.5.1',
184 silly addNameRange     '0.5.2',
184 silly addNameRange     '0.6.0',
184 silly addNameRange     '0.6.1' ] ]
185 silly addNamed optimist@0.3.7
186 verbose addNamed "0.3.7" is a plain semver version for optimist
187 silly cache afterAdd optimist@0.3.7
188 verbose afterAdd /Users/firebug/.npm/optimist/0.3.7/package/package.json not in flight; writing
189 verbose afterAdd /Users/firebug/.npm/optimist/0.3.7/package/package.json written
190 silly install resolved [ { name: 'bindings',
190 silly install resolved     description: 'Helper module for loading your native module\'s bindings in a cross-platform way',
190 silly install resolved     keywords: [ 'native', 'addon', 'bindings', 'gyp' ],
190 silly install resolved     version: '0.3.0',
190 silly install resolved     author:
190 silly install resolved      { name: 'Nathan Rajlich',
190 silly install resolved        email: 'nathan@tootallnate.net',
190 silly install resolved        url: 'http://tootallnate.net' },
190 silly install resolved     repository:
190 silly install resolved      { type: 'git',
190 silly install resolved        url: 'git://github.com/TooTallNate/node-bindings.git' },
190 silly install resolved     main: './bindings.js',
190 silly install resolved     engines: { node: '*' },
190 silly install resolved     _npmUser: { name: 'TooTallNate', email: 'nathan@tootallnate.net' },
190 silly install resolved     _id: 'bindings@0.3.0',
190 silly install resolved     dependencies: {},
190 silly install resolved     devDependencies: {},
190 silly install resolved     optionalDependencies: {},
190 silly install resolved     _engineSupported: true,
190 silly install resolved     _npmVersion: '1.1.1',
190 silly install resolved     _nodeVersion: 'v0.6.11',
190 silly install resolved     _defaultsLoaded: true,
190 silly install resolved     dist:
190 silly install resolved      { shasum: '2d01b7061ca312c6600c9b512404fd3ef99c06f3',
190 silly install resolved        tarball: 'http://registry.npmjs.org/bindings/-/bindings-0.3.0.tgz' },
190 silly install resolved     maintainers: [ [Object] ],
190 silly install resolved     directories: {},
190 silly install resolved     _shasum: '2d01b7061ca312c6600c9b512404fd3ef99c06f3',
190 silly install resolved     _resolved: 'https://registry.npmjs.org/bindings/-/bindings-0.3.0.tgz',
190 silly install resolved     _from: 'bindings@0.3.0',
190 silly install resolved     bugs: { url: 'https://github.com/TooTallNate/node-bindings/issues' },
190 silly install resolved     readme: 'ERROR: No README data found!',
190 silly install resolved     homepage: 'https://github.com/TooTallNate/node-bindings#readme' },
190 silly install resolved   { name: 'sf',
190 silly install resolved     description: 'String formatting library for node.js',
190 silly install resolved     author: { name: 'Joe Ferner', email: 'joe.ferner@nearinfinity.com' },
190 silly install resolved     keywords: [ 'string', 'format', 'template' ],
190 silly install resolved     version: '0.1.3',
190 silly install resolved     engines: { node: '>=0.6.0' },
190 silly install resolved     maintainers: [ [Object] ],
190 silly install resolved     bugs: { url: 'https://github.com/nearinfinity/node-sf/issues' },
190 silly install resolved     license: 'MIT',
190 silly install resolved     repository:
190 silly install resolved      { type: 'git',
190 silly install resolved        url: 'git://github.com/nearinfinity/node-sf.git' },
190 silly install resolved     devDependencies: { nodeunit: '~0.7.3' },
190 silly install resolved     scripts: { test: 'nodeunit test' },
190 silly install resolved     main: './index.js',
190 silly install resolved     _npmUser: { name: 'joeferner', email: 'joe@fernsroth.com' },
190 silly install resolved     _id: 'sf@0.1.3',
190 silly install resolved     dependencies: {},
190 silly install resolved     optionalDependencies: {},
190 silly install resolved     _engineSupported: true,
190 silly install resolved     _npmVersion: '1.1.4',
190 silly install resolved     _nodeVersion: 'v0.7.7',
190 silly install resolved     _defaultsLoaded: true,
190 silly install resolved     dist:
190 silly install resolved      { shasum: 'a5d246148241ace3788447f6a9a95b564762c354',
190 silly install resolved        tarball: 'http://registry.npmjs.org/sf/-/sf-0.1.3.tgz' },
190 silly install resolved     directories: {},
190 silly install resolved     _shasum: 'a5d246148241ace3788447f6a9a95b564762c354',
190 silly install resolved     _resolved: 'https://registry.npmjs.org/sf/-/sf-0.1.3.tgz',
190 silly install resolved     _from: 'sf@0.1.3',
190 silly install resolved     readme: 'ERROR: No README data found!',
190 silly install resolved     homepage: 'https://github.com/nearinfinity/node-sf#readme' },
190 silly install resolved   { name: 'async',
190 silly install resolved     description: 'Higher-order functions and common patterns for asynchronous code',
190 silly install resolved     main: './index',
190 silly install resolved     author: { name: 'Caolan McMahon' },
190 silly install resolved     version: '0.1.18',
190 silly install resolved     repository: { type: 'git', url: 'git://github.com/caolan/async.git' },
190 silly install resolved     bugs: { url: 'http://github.com/caolan/async/issues' },
190 silly install resolved     licenses: [ [Object] ],
190 silly install resolved     devDependencies: { nodeunit: '>0.0.0', 'uglify-js': '1.2.x', nodelint: '>0.0.0' },
190 silly install resolved     _npmUser: { name: 'caolan', email: 'caolan@caolanmcmahon.com' },
190 silly install resolved     _id: 'async@0.1.18',
190 silly install resolved     dependencies: {},
190 silly install resolved     optionalDependencies: {},
190 silly install resolved     engines: { node: '*' },
190 silly install resolved     _engineSupported: true,
190 silly install resolved     _npmVersion: '1.1.1',
190 silly install resolved     _nodeVersion: 'v0.6.11',
190 silly install resolved     _defaultsLoaded: true,
190 silly install resolved     dist:
190 silly install resolved      { shasum: 'c59c923920b76d5bf23248c04433920c4d45086a',
190 silly install resolved        tarball: 'http://registry.npmjs.org/async/-/async-0.1.18.tgz' },
190 silly install resolved     maintainers: [ [Object] ],
190 silly install resolved     directories: {},
190 silly install resolved     _shasum: 'c59c923920b76d5bf23248c04433920c4d45086a',
190 silly install resolved     _resolved: 'https://registry.npmjs.org/async/-/async-0.1.18.tgz',
190 silly install resolved     _from: 'async@0.1.18',
190 silly install resolved     readme: 'ERROR: No README data found!',
190 silly install resolved     homepage: 'https://github.com/caolan/async#readme' },
190 silly install resolved   { name: 'optimist',
190 silly install resolved     version: '0.3.7',
190 silly install resolved     description: 'Light-weight option parsing with an argv hash. No optstrings attached.',
190 silly install resolved     main: './index.js',
190 silly install resolved     dependencies: { wordwrap: '~0.0.2' },
190 silly install resolved     devDependencies: { hashish: '~0.0.4', tap: '~0.4.0' },
190 silly install resolved     scripts: { test: 'tap ./test/*.js' },
190 silly install resolved     repository:
190 silly install resolved      { type: 'git',
190 silly install resolved        url: 'git+ssh://git@github.com/substack/node-optimist.git' },
190 silly install resolved     keywords:
190 silly install resolved      [ 'argument',
190 silly install resolved        'args',
190 silly install resolved        'option',
190 silly install resolved        'parser',
190 silly install resolved        'parsing',
190 silly install resolved        'cli',
190 silly install resolved        'command' ],
190 silly install resolved     author:
190 silly install resolved      { name: 'James Halliday',
190 silly install resolved        email: 'mail@substack.net',
190 silly install resolved        url: 'http://substack.net' },
190 silly install resolved     license: 'MIT/X11',
190 silly install resolved     engine: { node: '>=0.4' },
190 silly install resolved     _id: 'optimist@0.3.7',
190 silly install resolved     dist:
190 silly install resolved      { shasum: 'c90941ad59e4273328923074d2cf2e7cbc6ec0d9',
190 silly install resolved        tarball: 'http://registry.npmjs.org/optimist/-/optimist-0.3.7.tgz' },
190 silly install resolved     _from: 'optimist@>=0.3.4 <0.4.0',
190 silly install resolved     _npmVersion: '1.2.2',
190 silly install resolved     _npmUser: { name: 'substack', email: 'mail@substack.net' },
190 silly install resolved     maintainers: [ [Object] ],
190 silly install resolved     directories: {},
190 silly install resolved     _shasum: 'c90941ad59e4273328923074d2cf2e7cbc6ec0d9',
190 silly install resolved     _resolved: 'https://registry.npmjs.org/optimist/-/optimist-0.3.7.tgz',
190 silly install resolved     bugs: { url: 'https://github.com/substack/node-optimist/issues' },
190 silly install resolved     readme: 'ERROR: No README data found!',
190 silly install resolved     homepage: 'https://github.com/substack/node-optimist#readme' } ]
191 info install bindings@0.3.0 into /Users/firebug/Pools/Git/Active/Diana/Client/node_modules/serialport2
192 info install sf@0.1.3 into /Users/firebug/Pools/Git/Active/Diana/Client/node_modules/serialport2
193 info install async@0.1.18 into /Users/firebug/Pools/Git/Active/Diana/Client/node_modules/serialport2
194 info install optimist@0.3.7 into /Users/firebug/Pools/Git/Active/Diana/Client/node_modules/serialport2
195 info installOne bindings@0.3.0
196 verbose installOne of bindings to /Users/firebug/Pools/Git/Active/Diana/Client/node_modules/serialport2 not in flight; installing
197 info installOne sf@0.1.3
198 verbose installOne of sf to /Users/firebug/Pools/Git/Active/Diana/Client/node_modules/serialport2 not in flight; installing
199 info installOne async@0.1.18
200 verbose installOne of async to /Users/firebug/Pools/Git/Active/Diana/Client/node_modules/serialport2 not in flight; installing
201 info installOne optimist@0.3.7
202 verbose installOne of optimist to /Users/firebug/Pools/Git/Active/Diana/Client/node_modules/serialport2 not in flight; installing
203 verbose lock using /Users/firebug/.npm/_locks/bindings-3c5c4902e8570d26.lock for /Users/firebug/Pools/Git/Active/Diana/Client/node_modules/serialport2/node_modules/bindings
204 silly install write writing bindings 0.3.0 to /Users/firebug/Pools/Git/Active/Diana/Client/node_modules/serialport2/node_modules/bindings
205 verbose lock using /Users/firebug/.npm/_locks/sf-f9194e6792c9e9dc.lock for /Users/firebug/Pools/Git/Active/Diana/Client/node_modules/serialport2/node_modules/sf
206 verbose lock using /Users/firebug/.npm/_locks/async-c5a9ccdaa446a0de.lock for /Users/firebug/Pools/Git/Active/Diana/Client/node_modules/serialport2/node_modules/async
207 verbose lock using /Users/firebug/.npm/_locks/optimist-1ea83bc5ad1a864f.lock for /Users/firebug/Pools/Git/Active/Diana/Client/node_modules/serialport2/node_modules/optimist
208 silly install write writing sf 0.1.3 to /Users/firebug/Pools/Git/Active/Diana/Client/node_modules/serialport2/node_modules/sf
209 silly install write writing async 0.1.18 to /Users/firebug/Pools/Git/Active/Diana/Client/node_modules/serialport2/node_modules/async
210 silly install write writing optimist 0.3.7 to /Users/firebug/Pools/Git/Active/Diana/Client/node_modules/serialport2/node_modules/optimist
211 verbose unbuild node_modules/serialport2/node_modules/bindings
212 verbose unbuild node_modules/serialport2/node_modules/sf
213 verbose unbuild node_modules/serialport2/node_modules/async
214 verbose unbuild node_modules/serialport2/node_modules/optimist
215 silly gentlyRm /Users/firebug/Pools/Git/Active/Diana/Client/node_modules/serialport2/node_modules/bindings is being purged from base /Users/firebug/Pools/Git/Active/Diana/Client
216 verbose gentlyRm don't care about contents; nuking /Users/firebug/Pools/Git/Active/Diana/Client/node_modules/serialport2/node_modules/bindings
217 verbose tar unpack /Users/firebug/.npm/bindings/0.3.0/package.tgz
218 verbose tar unpacking to /Users/firebug/Pools/Git/Active/Diana/Client/node_modules/serialport2/node_modules/bindings
219 silly gentlyRm /Users/firebug/Pools/Git/Active/Diana/Client/node_modules/serialport2/node_modules/bindings is being purged
220 verbose gentlyRm don't care about contents; nuking /Users/firebug/Pools/Git/Active/Diana/Client/node_modules/serialport2/node_modules/bindings
221 silly gentlyRm /Users/firebug/Pools/Git/Active/Diana/Client/node_modules/serialport2/node_modules/sf is being purged from base /Users/firebug/Pools/Git/Active/Diana/Client
222 verbose gentlyRm don't care about contents; nuking /Users/firebug/Pools/Git/Active/Diana/Client/node_modules/serialport2/node_modules/sf
223 silly gentlyRm /Users/firebug/Pools/Git/Active/Diana/Client/node_modules/serialport2/node_modules/async is being purged from base /Users/firebug/Pools/Git/Active/Diana/Client
224 verbose gentlyRm don't care about contents; nuking /Users/firebug/Pools/Git/Active/Diana/Client/node_modules/serialport2/node_modules/async
225 silly gentlyRm /Users/firebug/Pools/Git/Active/Diana/Client/node_modules/serialport2/node_modules/optimist is being purged from base /Users/firebug/Pools/Git/Active/Diana/Client
226 verbose gentlyRm don't care about contents; nuking /Users/firebug/Pools/Git/Active/Diana/Client/node_modules/serialport2/node_modules/optimist
227 silly gunzTarPerm modes [ '755', '644' ]
228 verbose tar unpack /Users/firebug/.npm/sf/0.1.3/package.tgz
229 verbose tar unpacking to /Users/firebug/Pools/Git/Active/Diana/Client/node_modules/serialport2/node_modules/sf
230 silly gentlyRm /Users/firebug/Pools/Git/Active/Diana/Client/node_modules/serialport2/node_modules/sf is being purged
231 verbose gentlyRm don't care about contents; nuking /Users/firebug/Pools/Git/Active/Diana/Client/node_modules/serialport2/node_modules/sf
232 verbose tar unpack /Users/firebug/.npm/async/0.1.18/package.tgz
233 verbose tar unpacking to /Users/firebug/Pools/Git/Active/Diana/Client/node_modules/serialport2/node_modules/async
234 silly gentlyRm /Users/firebug/Pools/Git/Active/Diana/Client/node_modules/serialport2/node_modules/async is being purged
235 verbose gentlyRm don't care about contents; nuking /Users/firebug/Pools/Git/Active/Diana/Client/node_modules/serialport2/node_modules/async
236 verbose tar unpack /Users/firebug/.npm/optimist/0.3.7/package.tgz
237 verbose tar unpacking to /Users/firebug/Pools/Git/Active/Diana/Client/node_modules/serialport2/node_modules/optimist
238 silly gentlyRm /Users/firebug/Pools/Git/Active/Diana/Client/node_modules/serialport2/node_modules/optimist is being purged
239 verbose gentlyRm don't care about contents; nuking /Users/firebug/Pools/Git/Active/Diana/Client/node_modules/serialport2/node_modules/optimist
240 silly gunzTarPerm modes [ '755', '644' ]
241 silly gunzTarPerm modes [ '755', '644' ]
242 silly gunzTarPerm modes [ '755', '644' ]
243 silly gunzTarPerm extractEntry bindings.js
244 silly gunzTarPerm extractEntry .npmignore
245 silly gunzTarPerm extractEntry README.md
246 silly gunzTarPerm extractEntry package.json
247 silly gunzTarPerm extractEntry package.json
248 silly gunzTarPerm extractEntry README.md
249 silly gunzTarPerm extractEntry README.md
250 silly gunzTarPerm extractEntry lib/
251 silly gunzTarPerm extractEntry LICENSE
252 silly gunzTarPerm extractEntry index.js
253 silly gunzTarPerm extractEntry lib/stringFormat.js
254 silly gunzTarPerm extractEntry .idea/
255 silly gunzTarPerm extractEntry .idea/.name
256 silly gunzTarPerm extractEntry test/
257 silly gunzTarPerm extractEntry test/stringFormatTest.js
258 silly gunzTarPerm extractEntry test/indentTest.js
259 silly gunzTarPerm extractEntry package.json
260 silly gunzTarPerm extractEntry index.js
261 silly gunzTarPerm extractEntry example/line_count_options.js
262 silly gunzTarPerm extractEntry example/boolean_double.js
263 silly gunzTarPerm extractEntry example/divide.js
264 silly gunzTarPerm extractEntry index.js
265 verbose write writing to /Users/firebug/Pools/Git/Active/Diana/Client/node_modules/serialport2/node_modules/bindings/package.json
266 info preinstall bindings@0.3.0
267 verbose readDependencies loading dependencies from /Users/firebug/Pools/Git/Active/Diana/Client/node_modules/serialport2/node_modules/bindings/package.json
268 silly gunzTarPerm extractEntry example/nonopt.js
269 silly gunzTarPerm extractEntry example/string.js
270 verbose readDependencies loading dependencies from /Users/firebug/Pools/Git/Active/Diana/Client/node_modules/serialport2/node_modules/bindings/package.json
271 silly install resolved []
272 verbose about to build /Users/firebug/Pools/Git/Active/Diana/Client/node_modules/serialport2/node_modules/bindings
273 info build /Users/firebug/Pools/Git/Active/Diana/Client/node_modules/serialport2/node_modules/bindings
274 silly gunzTarPerm extractEntry .npmignore
275 silly gunzTarPerm extractEntry Makefile
276 silly gunzTarPerm extractEntry example/default_hash.js
277 silly gunzTarPerm extractEntry example/reflect.js
278 info linkStuff bindings@0.3.0
279 silly linkStuff bindings@0.3.0 has /Users/firebug/Pools/Git/Active/Diana/Client/node_modules/serialport2/node_modules as its parent node_modules
280 silly gunzTarPerm extractEntry package.json
281 silly gunzTarPerm extractEntry lib/
282 silly gunzTarPerm extractEntry example/default_singles.js
283 silly gunzTarPerm extractEntry example/usage-options.js
284 verbose linkBins bindings@0.3.0
285 verbose linkMans bindings@0.3.0
286 verbose rebuildBundles bindings@0.3.0
287 info install bindings@0.3.0
288 silly gunzTarPerm extractEntry lib/async.js
289 silly gunzTarPerm extractEntry LICENSE
290 silly gunzTarPerm extractEntry example/bool.js
291 silly gunzTarPerm extractEntry example/short.js
292 info postinstall bindings@0.3.0
293 verbose unlock done using /Users/firebug/.npm/_locks/bindings-3c5c4902e8570d26.lock for /Users/firebug/Pools/Git/Active/Diana/Client/node_modules/serialport2/node_modules/bindings
294 silly gunzTarPerm extractEntry example/xup.js
295 silly gunzTarPerm extractEntry example/boolean_single.js
296 silly gunzTarPerm extractEntry .gitmodules
297 silly gunzTarPerm extractEntry example/line_count_wrap.js
298 silly gunzTarPerm extractEntry example/line_count.js
299 silly gunzTarPerm extractEntry readme.markdown
300 silly gunzTarPerm extractEntry test/parse.js
301 silly gunzTarPerm extractEntry test/_.js
302 silly gunzTarPerm extractEntry test/usage.js
303 silly gunzTarPerm extractEntry test/_/bin.js
304 silly gunzTarPerm extractEntry test/_/argv.js
305 silly gunzTarPerm extractEntry .travis.yml
306 verbose write writing to /Users/firebug/Pools/Git/Active/Diana/Client/node_modules/serialport2/node_modules/sf/package.json
307 info preinstall sf@0.1.3
308 verbose readDependencies loading dependencies from /Users/firebug/Pools/Git/Active/Diana/Client/node_modules/serialport2/node_modules/sf/package.json
309 verbose readDependencies loading dependencies from /Users/firebug/Pools/Git/Active/Diana/Client/node_modules/serialport2/node_modules/sf/package.json
310 silly install resolved []
311 verbose about to build /Users/firebug/Pools/Git/Active/Diana/Client/node_modules/serialport2/node_modules/sf
312 info build /Users/firebug/Pools/Git/Active/Diana/Client/node_modules/serialport2/node_modules/sf
313 verbose write writing to /Users/firebug/Pools/Git/Active/Diana/Client/node_modules/serialport2/node_modules/async/package.json
314 info linkStuff sf@0.1.3
315 silly linkStuff sf@0.1.3 has /Users/firebug/Pools/Git/Active/Diana/Client/node_modules/serialport2/node_modules as its parent node_modules
316 info preinstall async@0.1.18
317 verbose readDependencies loading dependencies from /Users/firebug/Pools/Git/Active/Diana/Client/node_modules/serialport2/node_modules/async/package.json
318 verbose readDependencies loading dependencies from /Users/firebug/Pools/Git/Active/Diana/Client/node_modules/serialport2/node_modules/async/package.json
319 verbose linkBins sf@0.1.3
320 verbose linkMans sf@0.1.3
321 verbose rebuildBundles sf@0.1.3
322 info install sf@0.1.3
323 info postinstall sf@0.1.3
324 silly install resolved []
325 verbose about to build /Users/firebug/Pools/Git/Active/Diana/Client/node_modules/serialport2/node_modules/async
326 info build /Users/firebug/Pools/Git/Active/Diana/Client/node_modules/serialport2/node_modules/async
327 verbose unlock done using /Users/firebug/.npm/_locks/sf-f9194e6792c9e9dc.lock for /Users/firebug/Pools/Git/Active/Diana/Client/node_modules/serialport2/node_modules/sf
328 info linkStuff async@0.1.18
329 silly linkStuff async@0.1.18 has /Users/firebug/Pools/Git/Active/Diana/Client/node_modules/serialport2/node_modules as its parent node_modules
330 verbose linkBins async@0.1.18
331 verbose linkMans async@0.1.18
332 verbose rebuildBundles async@0.1.18
333 info install async@0.1.18
334 info postinstall async@0.1.18
335 verbose unlock done using /Users/firebug/.npm/_locks/async-c5a9ccdaa446a0de.lock for /Users/firebug/Pools/Git/Active/Diana/Client/node_modules/serialport2/node_modules/async
336 verbose write writing to /Users/firebug/Pools/Git/Active/Diana/Client/node_modules/serialport2/node_modules/optimist/package.json
337 info preinstall optimist@0.3.7
338 verbose readDependencies loading dependencies from /Users/firebug/Pools/Git/Active/Diana/Client/node_modules/serialport2/node_modules/optimist/package.json
339 silly prepareForInstallMany adding wordwrap@~0.0.2 from optimist dependencies
340 verbose readDependencies loading dependencies from /Users/firebug/Pools/Git/Active/Diana/Client/node_modules/serialport2/node_modules/optimist/package.json
341 silly cache add args [ 'wordwrap@~0.0.2', null ]
342 verbose cache add spec wordwrap@~0.0.2
343 silly cache add parsed spec { raw: 'wordwrap@~0.0.2',
343 silly cache add   scope: null,
343 silly cache add   name: 'wordwrap',
343 silly cache add   rawSpec: '~0.0.2',
343 silly cache add   spec: '>=0.0.2 <0.1.0',
343 silly cache add   type: 'range' }
344 silly addNamed wordwrap@>=0.0.2 <0.1.0
345 verbose addNamed ">=0.0.2 <0.1.0" is a valid semver range for wordwrap
346 silly addNameRange { name: 'wordwrap', range: '>=0.0.2 <0.1.0', hasData: false }
347 silly mapToRegistry name wordwrap
348 silly mapToRegistry using default registry
349 silly mapToRegistry registry https://registry.npmjs.org/
350 silly mapToRegistry uri https://registry.npmjs.org/wordwrap
351 verbose addNameRange registry:https://registry.npmjs.org/wordwrap not in flight; fetching
352 verbose request uri https://registry.npmjs.org/wordwrap
353 verbose request no auth needed
354 info attempt registry request try #1 at 19:21:48
355 verbose etag "5TO81278FOKJW7UV893Z7ZH0U"
356 http request GET https://registry.npmjs.org/wordwrap
357 http 304 https://registry.npmjs.org/wordwrap
358 silly get cb [ 304,
358 silly get   { date: 'Thu, 18 Jun 2015 17:21:47 GMT',
358 silly get     via: '1.1 varnish',
358 silly get     'cache-control': 'max-age=60',
358 silly get     etag: '"5TO81278FOKJW7UV893Z7ZH0U"',
358 silly get     age: '2',
358 silly get     connection: 'keep-alive',
358 silly get     'x-served-by': 'cache-fra1237-FRA',
358 silly get     'x-cache': 'HIT',
358 silly get     'x-cache-hits': '1',
358 silly get     'x-timer': 'S1434648107.730834,VS0,VE0',
358 silly get     vary: 'Accept' } ]
359 verbose etag https://registry.npmjs.org/wordwrap from cache
360 verbose get saving wordwrap to /Users/firebug/.npm/registry.npmjs.org/wordwrap/.cache.json
361 silly addNameRange number 2 { name: 'wordwrap', range: '>=0.0.2 <0.1.0', hasData: true }
362 silly addNameRange versions [ 'wordwrap', [ '0.0.1', '0.0.2', '0.0.3', '1.0.0' ] ]
363 silly addNamed wordwrap@0.0.3
364 verbose addNamed "0.0.3" is a plain semver version for wordwrap
365 silly cache afterAdd wordwrap@0.0.3
366 verbose afterAdd /Users/firebug/.npm/wordwrap/0.0.3/package/package.json not in flight; writing
367 verbose afterAdd /Users/firebug/.npm/wordwrap/0.0.3/package/package.json written
368 silly install resolved [ { name: 'wordwrap',
368 silly install resolved     description: 'Wrap those words. Show them at what columns to start and stop.',
368 silly install resolved     version: '0.0.3',
368 silly install resolved     repository:
368 silly install resolved      { type: 'git',
368 silly install resolved        url: 'git://github.com/substack/node-wordwrap.git' },
368 silly install resolved     main: './index.js',
368 silly install resolved     keywords: [ 'word', 'wrap', 'rule', 'format', 'column' ],
368 silly install resolved     directories: { lib: '.', example: 'example', test: 'test' },
368 silly install resolved     scripts: { test: 'expresso' },
368 silly install resolved     devDependencies: { expresso: '=0.7.x' },
368 silly install resolved     engines: { node: '>=0.4.0' },
368 silly install resolved     license: 'MIT',
368 silly install resolved     author:
368 silly install resolved      { name: 'James Halliday',
368 silly install resolved        email: 'mail@substack.net',
368 silly install resolved        url: 'http://substack.net' },
368 silly install resolved     gitHead: 'e59aa1bd338914019456bdfba034508c9c4cb29d',
368 silly install resolved     bugs: { url: 'https://github.com/substack/node-wordwrap/issues' },
368 silly install resolved     homepage: 'https://github.com/substack/node-wordwrap#readme',
368 silly install resolved     _id: 'wordwrap@0.0.3',
368 silly install resolved     _shasum: 'a3d5da6cd5c0bc0008d37234bbaf1bed63059107',
368 silly install resolved     _from: 'wordwrap@>=0.0.2 <0.1.0',
368 silly install resolved     _npmVersion: '2.9.0',
368 silly install resolved     _nodeVersion: '2.0.0',
368 silly install resolved     _npmUser: { name: 'substack', email: 'substack@gmail.com' },
368 silly install resolved     dist:
368 silly install resolved      { shasum: 'a3d5da6cd5c0bc0008d37234bbaf1bed63059107',
368 silly install resolved        tarball: 'http://registry.npmjs.org/wordwrap/-/wordwrap-0.0.3.tgz' },
368 silly install resolved     maintainers: [ [Object] ],
368 silly install resolved     _resolved: 'https://registry.npmjs.org/wordwrap/-/wordwrap-0.0.3.tgz',
368 silly install resolved     readme: 'ERROR: No README data found!' } ]
369 info install wordwrap@0.0.3 into /Users/firebug/Pools/Git/Active/Diana/Client/node_modules/serialport2/node_modules/optimist
370 info installOne wordwrap@0.0.3
371 verbose installOne of wordwrap to /Users/firebug/Pools/Git/Active/Diana/Client/node_modules/serialport2/node_modules/optimist not in flight; installing
372 verbose lock using /Users/firebug/.npm/_locks/wordwrap-6fb2ce2adc76d76a.lock for /Users/firebug/Pools/Git/Active/Diana/Client/node_modules/serialport2/node_modules/optimist/node_modules/wordwrap
373 silly install write writing wordwrap 0.0.3 to /Users/firebug/Pools/Git/Active/Diana/Client/node_modules/serialport2/node_modules/optimist/node_modules/wordwrap
374 verbose unbuild node_modules/serialport2/node_modules/optimist/node_modules/wordwrap
375 silly gentlyRm /Users/firebug/Pools/Git/Active/Diana/Client/node_modules/serialport2/node_modules/optimist/node_modules/wordwrap is being purged from base /Users/firebug/Pools/Git/Active/Diana/Client
376 verbose gentlyRm don't care about contents; nuking /Users/firebug/Pools/Git/Active/Diana/Client/node_modules/serialport2/node_modules/optimist/node_modules/wordwrap
377 verbose tar unpack /Users/firebug/.npm/wordwrap/0.0.3/package.tgz
378 verbose tar unpacking to /Users/firebug/Pools/Git/Active/Diana/Client/node_modules/serialport2/node_modules/optimist/node_modules/wordwrap
379 silly gentlyRm /Users/firebug/Pools/Git/Active/Diana/Client/node_modules/serialport2/node_modules/optimist/node_modules/wordwrap is being purged
380 verbose gentlyRm don't care about contents; nuking /Users/firebug/Pools/Git/Active/Diana/Client/node_modules/serialport2/node_modules/optimist/node_modules/wordwrap
381 silly gunzTarPerm modes [ '755', '644' ]
382 silly gunzTarPerm extractEntry package.json
383 silly gunzTarPerm extractEntry LICENSE
384 silly gunzTarPerm extractEntry index.js
385 silly gunzTarPerm extractEntry README.markdown
386 silly gunzTarPerm extractEntry example/center.js
387 silly gunzTarPerm extractEntry example/meat.js
388 silly gunzTarPerm extractEntry test/break.js
389 silly gunzTarPerm extractEntry test/wrap.js
390 silly gunzTarPerm extractEntry test/idleness.txt
391 verbose write writing to /Users/firebug/Pools/Git/Active/Diana/Client/node_modules/serialport2/node_modules/optimist/node_modules/wordwrap/package.json
392 info preinstall wordwrap@0.0.3
393 verbose readDependencies loading dependencies from /Users/firebug/Pools/Git/Active/Diana/Client/node_modules/serialport2/node_modules/optimist/node_modules/wordwrap/package.json
394 verbose readDependencies loading dependencies from /Users/firebug/Pools/Git/Active/Diana/Client/node_modules/serialport2/node_modules/optimist/node_modules/wordwrap/package.json
395 silly install resolved []
396 verbose about to build /Users/firebug/Pools/Git/Active/Diana/Client/node_modules/serialport2/node_modules/optimist/node_modules/wordwrap
397 info build /Users/firebug/Pools/Git/Active/Diana/Client/node_modules/serialport2/node_modules/optimist/node_modules/wordwrap
398 info linkStuff wordwrap@0.0.3
399 silly linkStuff wordwrap@0.0.3 has /Users/firebug/Pools/Git/Active/Diana/Client/node_modules/serialport2/node_modules/optimist/node_modules as its parent node_modules
400 verbose linkBins wordwrap@0.0.3
401 verbose linkMans wordwrap@0.0.3
402 verbose rebuildBundles wordwrap@0.0.3
403 info install wordwrap@0.0.3
404 info postinstall wordwrap@0.0.3
405 verbose unlock done using /Users/firebug/.npm/_locks/wordwrap-6fb2ce2adc76d76a.lock for /Users/firebug/Pools/Git/Active/Diana/Client/node_modules/serialport2/node_modules/optimist/node_modules/wordwrap
406 verbose about to build /Users/firebug/Pools/Git/Active/Diana/Client/node_modules/serialport2/node_modules/optimist
407 info build /Users/firebug/Pools/Git/Active/Diana/Client/node_modules/serialport2/node_modules/optimist
408 info linkStuff optimist@0.3.7
409 silly linkStuff optimist@0.3.7 has /Users/firebug/Pools/Git/Active/Diana/Client/node_modules/serialport2/node_modules as its parent node_modules
410 verbose linkBins optimist@0.3.7
411 verbose linkMans optimist@0.3.7
412 verbose rebuildBundles optimist@0.3.7
413 verbose rebuildBundles [ 'wordwrap' ]
414 info install optimist@0.3.7
415 info postinstall optimist@0.3.7
416 verbose unlock done using /Users/firebug/.npm/_locks/optimist-1ea83bc5ad1a864f.lock for /Users/firebug/Pools/Git/Active/Diana/Client/node_modules/serialport2/node_modules/optimist
417 verbose about to build /Users/firebug/Pools/Git/Active/Diana/Client/node_modules/serialport2
418 info build /Users/firebug/Pools/Git/Active/Diana/Client/node_modules/serialport2
419 info linkStuff serialport2@0.0.5
420 silly linkStuff serialport2@0.0.5 has /Users/firebug/Pools/Git/Active/Diana/Client/node_modules as its parent node_modules
421 verbose linkBins serialport2@0.0.5
422 verbose link bins [ { serialportlist: './bin/serialportList.js',
422 verbose link bins     serialportterm: './bin/serialportTerminal.js' },
422 verbose link bins   '/Users/firebug/Pools/Git/Active/Diana/Client/node_modules/.bin',
422 verbose link bins   false ]
423 verbose linkMans serialport2@0.0.5
424 verbose rebuildBundles serialport2@0.0.5
425 verbose rebuildBundles [ 'async', 'bindings', 'optimist', 'sf' ]
426 silly gentlyRm /Users/firebug/Pools/Git/Active/Diana/Client/node_modules/.bin/serialportlist is being purged
427 verbose gentlyRm don't care about contents; nuking /Users/firebug/Pools/Git/Active/Diana/Client/node_modules/.bin/serialportlist
428 silly gentlyRm /Users/firebug/Pools/Git/Active/Diana/Client/node_modules/.bin/serialportterm is being purged
429 verbose gentlyRm don't care about contents; nuking /Users/firebug/Pools/Git/Active/Diana/Client/node_modules/.bin/serialportterm
430 info install serialport2@0.0.5
431 verbose unsafe-perm in lifecycle true
432 info serialport2@0.0.5 Failed to exec install script
433 verbose unlock done using /Users/firebug/.npm/_locks/serialport2-f5aaa8540434a3e3.lock for /Users/firebug/Pools/Git/Active/Diana/Client/node_modules/serialport2
434 verbose stack Error: serialport2@0.0.5 install: `node-gyp rebuild`
434 verbose stack Exit status 1
434 verbose stack     at EventEmitter.<anonymous> (/usr/local/lib/node_modules/npm/lib/utils/lifecycle.js:213:16)
434 verbose stack     at EventEmitter.emit (events.js:110:17)
434 verbose stack     at ChildProcess.<anonymous> (/usr/local/lib/node_modules/npm/lib/utils/spawn.js:24:14)
434 verbose stack     at ChildProcess.emit (events.js:110:17)
434 verbose stack     at maybeClose (child_process.js:1015:16)
434 verbose stack     at Process.ChildProcess._handle.onexit (child_process.js:1087:5)
435 verbose pkgid serialport2@0.0.5
436 verbose cwd /Users/firebug/Pools/Git/Active/Diana/Client
437 error Darwin 15.0.0
438 error argv "node" "/usr/local/bin/npm" "install" "serialport2"
439 error node v0.12.4
440 error npm  v2.10.1
441 error code ELIFECYCLE
442 error serialport2@0.0.5 install: `node-gyp rebuild`
442 error Exit status 1
443 error Failed at the serialport2@0.0.5 install script 'node-gyp rebuild'.
443 error This is most likely a problem with the serialport2 package,
443 error not with npm itself.
443 error Tell the author that this fails on your system:
443 error     node-gyp rebuild
443 error You can get their info via:
443 error     npm owner ls serialport2
443 error There is likely additional logging output above.
444 verbose exit [ 1, true ]
445 verbose unbuild node_modules/serialport2
446 info preuninstall serialport2@0.0.5
447 info uninstall serialport2@0.0.5
448 verbose unbuild rmStuff serialport2@0.0.5 from /Users/firebug/Pools/Git/Active/Diana/Client/node_modules
449 silly gentlyRm /Users/firebug/Pools/Git/Active/Diana/Client/node_modules/.bin/serialportlist is being gently removed
450 silly gentlyRm verifying /Users/firebug/Pools/Git/Active/Diana/Client is an npm working directory
451 silly gentlyRm /Users/firebug/Pools/Git/Active/Diana/Client/node_modules/.bin/serialportterm is being gently removed
452 silly gentlyRm verifying /Users/firebug/Pools/Git/Active/Diana/Client is an npm working directory
453 silly gentlyRm containing path /Users/firebug/Pools/Git/Active/Diana/Client is under npm's control, in /Users/firebug/Pools/Git/Active/Diana/Client
454 silly gentlyRm deletion target /Users/firebug/Pools/Git/Active/Diana/Client/node_modules/.bin/serialportlist is under /Users/firebug/Pools/Git/Active/Diana/Client
455 verbose gentlyRm vacuuming from /Users/firebug/Pools/Git/Active/Diana/Client/node_modules/.bin/serialportlist up to /Users/firebug/Pools/Git/Active/Diana/Client
456 silly gentlyRm containing path /Users/firebug/Pools/Git/Active/Diana/Client is under npm's control, in /Users/firebug/Pools/Git/Active/Diana/Client
457 silly gentlyRm deletion target /Users/firebug/Pools/Git/Active/Diana/Client/node_modules/.bin/serialportterm is under /Users/firebug/Pools/Git/Active/Diana/Client
458 verbose gentlyRm vacuuming from /Users/firebug/Pools/Git/Active/Diana/Client/node_modules/.bin/serialportterm up to /Users/firebug/Pools/Git/Active/Diana/Client
459 silly vacuum-fs removing /Users/firebug/Pools/Git/Active/Diana/Client/node_modules/.bin/serialportlist
460 silly vacuum-fs removing /Users/firebug/Pools/Git/Active/Diana/Client/node_modules/.bin/serialportterm
461 silly vacuum-fs quitting because other entries in /Users/firebug/Pools/Git/Active/Diana/Client/node_modules/.bin
462 silly vacuum-fs quitting because other entries in /Users/firebug/Pools/Git/Active/Diana/Client/node_modules/.bin
463 info postuninstall serialport2@0.0.5
464 silly gentlyRm /Users/firebug/Pools/Git/Active/Diana/Client/node_modules/serialport2 is being purged from base /Users/firebug/Pools/Git/Active/Diana/Client
465 verbose gentlyRm don't care about contents; nuking /Users/firebug/Pools/Git/Active/Diana/Client/node_modules/serialport2
466 silly vacuum-fs purging /Users/firebug/Pools/Git/Active/Diana/Client/node_modules/serialport2
467 silly vacuum-fs quitting because other entries in /Users/firebug/Pools/Git/Active/Diana/Client/node_modules
